<?xml version="1.0" encoding="UTF-8" ?>
<testsuite tests="8" failures="0" name="jtest.Test" time="14.143" errors="0" skipped="0">
  <properties>
[...]
</properties>
  <testcase classname="jtest.Test" name="testNoException" time="2.484"/>
  <testcase classname="jtest.Test" name="testTimeout" time="3.059"/>
  <testcase classname="jtest.Test" name="testUrl" time="1.778"/>
  <testcase classname="jtest.Test" name="testItem" time="1.356"/>
  <testcase classname="jtest.Test" name="testFactoryClassif" time="1.376"/>
  <testcase classname="jtest.Test" name="testExpectedException" time="1.359"/>
  <testcase classname="jtest.Test" name="testCategory" time="1.323"/>
  <testcase classname="jtest.Test" name="testNotNull" time="1.408"/>
</testsuite>