<?xml version="1.0" encoding="UTF-8"?>
<testsuite xmlns:xsi="http://www.w3.org/2001/XMLSchema-instance" xsi:noNamespaceSchemaLocation="https://maven.apache.org/surefire/maven-surefire-plugin/xsd/surefire-test-report.xsd" name="test.Test" time="69.827" tests="4" errors="0" skipped="0" failures="0">
  <properties>
[...]
</properties>
  <testcase name="testNoException" classname="test.Test" time="45.366"/>
  <testcase name="testConnect" classname="test.Test" time="7.334"/>
  <testcase name="testBasket" classname="test.Test" time="7.713"/>
  <testcase name="testNotNull" classname="test.Test" time="7.822"/>
</testsuite>